0 info it worked if it ends with ok
1 verbose cli [ 'C:\\Program Files (x86)\\nodejs\\node.exe',
1 verbose cli   'C:\\Program Files (x86)\\nodejs\\node_modules\\npm\\bin\\npm-cli.js',
1 verbose cli   'run',
1 verbose cli   'serve' ]
2 info using npm@3.10.10
3 info using node@v6.9.5
4 verbose run-script [ 'preserve', 'serve', 'postserve' ]
5 info lifecycle angular-quickstart@1.0.0~preserve: angular-quickstart@1.0.0
6 silly lifecycle angular-quickstart@1.0.0~preserve: no script for preserve, continuing
7 info lifecycle angular-quickstart@1.0.0~serve: angular-quickstart@1.0.0
8 verbose lifecycle angular-quickstart@1.0.0~serve: unsafe-perm in lifecycle true
9 verbose lifecycle angular-quickstart@1.0.0~serve: PATH: C:\Program Files (x86)\nodejs\node_modules\npm\bin\node-gyp-bin;C:\Users\Neha Bhardwaj\Desktop\AngularJSAssignment\node_modules\.bin;C:\Program Files\MongoDB\Server\3.4\bin;C:\Program Files (x86)\nodejs\;C:\Program Files\Java\jdk1.8.0_60\bin;C:\Users\Neha Bhardwaj\AppData\Roaming\npm
10 verbose lifecycle angular-quickstart@1.0.0~serve: CWD: C:\Users\Neha Bhardwaj\Desktop\AngularJSAssignment
11 silly lifecycle angular-quickstart@1.0.0~serve: Args: [ '/d /s /c', 'lite-server -c=bs-config.json' ]
12 verbose stack Error: kill ENOSYS
12 verbose stack     at exports._errnoException (util.js:1022:11)
12 verbose stack     at process.kill (internal/process.js:172:13)
12 verbose stack     at process.listener (C:\Program Files (x86)\nodejs\node_modules\npm\node_modules\npmlog\node_modules\gauge\node_modules\signal-exit\index.js:86:15)
12 verbose stack     at emitNone (events.js:91:20)
12 verbose stack     at process.emit (events.js:185:7)
12 verbose stack     at processEmit (C:\Program Files (x86)\nodejs\node_modules\npm\node_modules\npmlog\node_modules\gauge\node_modules\signal-exit\index.js:146:32)
12 verbose stack     at processEmit (C:\Program Files (x86)\nodejs\node_modules\npm\node_modules\npm-registry-client\node_modules\npmlog\node_modules\gauge\node_modules\signal-exit\index.js:146:32)
12 verbose stack     at Signal.wrap.onsignal (internal/process.js:199:44)
13 verbose cwd C:\Users\Neha Bhardwaj\Desktop\AngularJSAssignment
14 error Windows_NT 6.3.9600
15 error argv "C:\\Program Files (x86)\\nodejs\\node.exe" "C:\\Program Files (x86)\\nodejs\\node_modules\\npm\\bin\\npm-cli.js" "run" "serve"
16 error node v6.9.5
17 error npm  v3.10.10
18 error code ENOSYS
19 error errno ENOSYS
20 error syscall kill
21 error kill ENOSYS
22 error If you need help, you may report this error at:
22 error     <https://github.com/npm/npm/issues>
23 verbose exit [ 1, true ]
